<?xml version="1.0" encoding="UTF-8"?>
<!-- Generated by org.testng.reporters.JUnitXMLReporter -->
<testsuite ignored="0" hostname="AhadPC" failures="0" tests="12" name="Excel Test" time="0.63" errors="0" timestamp="2023-08-01T08:31:32 EDT">
  <testcase classname="testNG.basics.TestNGDataProviderWithExcelSheet" name="testOne" time="0.006"/>
  <testcase classname="testNG.basics.TestNGDataProviderWithExcelSheet" name="testOne" time="0.001"/>
  <testcase classname="testNG.basics.TestNGDataProviderWithExcelSheet" name="testOne" time="0.001"/>
  <testcase classname="testNG.basics.TestNGDataProviderWithExcelSheet" name="testOne" time="0.0"/>
  <testcase classname="testNG.basics.TestNGDataProviderWithExcelSheet" name="testOne" time="0.001"/>
  <testcase classname="testNG.basics.TestNGDataProviderWithExcelSheet" name="testOne" time="0.0"/>
  <testcase classname="testNG.basics.TestNGDataProviderWithExcelSheet" name="testOne" time="0.0"/>
  <testcase classname="testNG.basics.TestNGDataProviderWithExcelSheet" name="testOne" time="0.002"/>
  <testcase classname="testNG.basics.TestNGDataProviderWithExcelSheet" name="testOne" time="0.001"/>
  <testcase classname="testNG.basics.TestNGDataProviderWithExcelSheet" name="testOne" time="0.001"/>
  <testcase classname="testNG.basics.TestNGDataProviderWithExcelSheet" name="testOne" time="0.0"/>
  <testcase classname="testNG.basics.TestNGDataProviderWithExcelSheet" name="testOne" time="0.0"/>
</testsuite> <!-- Excel Test -->
